<?xml version="1.0" encoding="UTF-8"?>
<testsuite name="jpabook.jpashoop.MemberRepositoryTest" tests="2" skipped="0" failures="0" errors="0" timestamp="2025-01-10T16:52:55" hostname="onseogtaes-MacBook-Pro.local" time="0.639">
  <properties/>
  <testcase name="중복_회원_예외()" classname="jpabook.jpashoop.MemberRepositoryTest" time="0.619"/>
  <testcase name="회원가입()" classname="jpabook.jpashoop.MemberRepositoryTest" time="0.019"/>
  <system-out><![CDATA[01:52:52.662 [Test worker] INFO org.springframework.test.context.support.AnnotationConfigContextLoaderUtils -- Could not detect default configuration classes for test class [jpabook.jpashoop.MemberRepositoryTest]: MemberRepositoryTest does not declare any static, non-private, non-final, nested classes annotated with @Configuration.
01:52:52.730 [Test worker] INFO org.springframework.boot.test.context.SpringBootTestContextBootstrapper -- Found @SpringBootConfiguration jpabook.jpashoop.JpashoopApplication for test class jpabook.jpashoop.MemberRepositoryTest
01:52:52.815 [Test worker] INFO org.springframework.boot.devtools.restart.RestartApplicationListener -- Restart disabled due to context in which it is running

  .   ____          _            __ _ _
 /\\ / ___'_ __ _ _(_)_ __  __ _ \ \ \ \
( ( )\___ | '_ | '_| | '_ \/ _` | \ \ \ \
 \\/  ___)| |_)| | | | | || (_| |  ) ) ) )
  '  |____| .__|_| |_|_| |_\__, | / / / /
 =========|_|==============|___/=/_/_/_/

 :: Spring Boot ::                (v3.4.1)

2025-01-11T01:52:52.989+09:00  INFO 4410 --- [    Test worker] jpabook.jpashoop.MemberRepositoryTest    : Starting MemberRepositoryTest using Java 17.0.12 with PID 4410 (started by onseoktae in /Users/onseoktae/Documents/GitHub/JPA_Study)
2025-01-11T01:52:52.990+09:00  INFO 4410 --- [    Test worker] jpabook.jpashoop.MemberRepositoryTest    : No active profile set, falling back to 1 default profile: "default"
2025-01-11T01:52:53.372+09:00  INFO 4410 --- [    Test worker] .s.d.r.c.RepositoryConfigurationDelegate : Bootstrapping Spring Data JPA repositories in DEFAULT mode.
2025-01-11T01:52:53.386+09:00  INFO 4410 --- [    Test worker] .s.d.r.c.RepositoryConfigurationDelegate : Finished Spring Data repository scanning in 9 ms. Found 0 JPA repository interfaces.
2025-01-11T01:52:53.651+09:00  INFO 4410 --- [    Test worker] com.zaxxer.hikari.HikariDataSource       : HikariPool-1 - Starting...
2025-01-11T01:52:53.754+09:00  INFO 4410 --- [    Test worker] com.zaxxer.hikari.pool.HikariPool        : HikariPool-1 - Added connection conn0: url=jdbc:h2:mem:57666ccf-aec8-4c92-bde6-07823d93b665 user=SA
2025-01-11T01:52:53.756+09:00  INFO 4410 --- [    Test worker] com.zaxxer.hikari.HikariDataSource       : HikariPool-1 - Start completed.
2025-01-11T01:52:53.798+09:00  INFO 4410 --- [    Test worker] o.hibernate.jpa.internal.util.LogHelper  : HHH000204: Processing PersistenceUnitInfo [name: default]
2025-01-11T01:52:53.827+09:00  INFO 4410 --- [    Test worker] org.hibernate.Version                    : HHH000412: Hibernate ORM core version 6.6.4.Final
2025-01-11T01:52:53.850+09:00  INFO 4410 --- [    Test worker] o.h.c.internal.RegionFactoryInitiator    : HHH000026: Second-level cache disabled
2025-01-11T01:52:53.897+09:00 DEBUG 4410 --- [    Test worker] org.hibernate.type.BasicTypeRegistry     : Adding type registration boolean -> org.hibernate.type.BasicTypeReference@2bf3ec4
2025-01-11T01:52:53.897+09:00 DEBUG 4410 --- [    Test worker] org.hibernate.type.BasicTypeRegistry     : Adding type registration boolean -> org.hibernate.type.BasicTypeReference@2bf3ec4
2025-01-11T01:52:53.897+09:00 DEBUG 4410 --- [    Test worker] org.hibernate.type.BasicTypeRegistry     : Adding type registration java.lang.Boolean -> org.hibernate.type.BasicTypeReference@2bf3ec4
2025-01-11T01:52:53.897+09:00 DEBUG 4410 --- [    Test worker] org.hibernate.type.BasicTypeRegistry     : Adding type registration numeric_boolean -> org.hibernate.type.BasicTypeReference@3b5da0b0
2025-01-11T01:52:53.897+09:00 DEBUG 4410 --- [    Test worker] org.hibernate.type.BasicTypeRegistry     : Adding type registration org.hibernate.type.NumericBooleanConverter -> org.hibernate.type.BasicTypeReference@3b5da0b0
2025-01-11T01:52:53.898+09:00 DEBUG 4410 --- [    Test worker] org.hibernate.type.BasicTypeRegistry     : Adding type registration true_false -> org.hibernate.type.BasicTypeReference@2c9cafa5
2025-01-11T01:52:53.898+09:00 DEBUG 4410 --- [    Test worker] org.hibernate.type.BasicTypeRegistry     : Adding type registration org.hibernate.type.TrueFalseConverter -> org.hibernate.type.BasicTypeReference@2c9cafa5
2025-01-11T01:52:53.898+09:00 DEBUG 4410 --- [    Test worker] org.hibernate.type.BasicTypeRegistry     : Adding type registration yes_no -> org.hibernate.type.BasicTypeReference@6c6379c
2025-01-11T01:52:53.898+09:00 DEBUG 4410 --- [    Test worker] org.hibernate.type.BasicTypeRegistry     : Adding type registration org.hibernate.type.YesNoConverter -> org.hibernate.type.BasicTypeReference@6c6379c
2025-01-11T01:52:53.898+09:00 DEBUG 4410 --- [    Test worker] org.hibernate.type.BasicTypeRegistry     : Adding type registration byte -> org.hibernate.type.BasicTypeReference@7df4709e
2025-01-11T01:52:53.898+09:00 DEBUG 4410 --- [    Test worker] org.hibernate.type.BasicTypeRegistry     : Adding type registration byte -> org.hibernate.type.BasicTypeReference@7df4709e
2025-01-11T01:52:53.898+09:00 DEBUG 4410 --- [    Test worker] org.hibernate.type.BasicTypeRegistry     : Adding type registration java.lang.Byte -> org.hibernate.type.BasicTypeReference@7df4709e
2025-01-11T01:52:53.898+09:00 DEBUG 4410 --- [    Test worker] org.hibernate.type.BasicTypeRegistry     : Adding type registration binary -> org.hibernate.type.BasicTypeReference@2bfa17b0
2025-01-11T01:52:53.898+09:00 DEBUG 4410 --- [    Test worker] org.hibernate.type.BasicTypeRegistry     : Adding type registration byte[] -> org.hibernate.type.BasicTypeReference@2bfa17b0
2025-01-11T01:52:53.898+09:00 DEBUG 4410 --- [    Test worker] org.hibernate.type.BasicTypeRegistry     : Adding type registration [B -> org.hibernate.type.BasicTypeReference@2bfa17b0
2025-01-11T01:52:53.898+09:00 DEBUG 4410 --- [    Test worker] org.hibernate.type.BasicTypeRegistry     : Adding type registration binary_wrapper -> org.hibernate.type.BasicTypeReference@bb12f41
2025-01-11T01:52:53.899+09:00 DEBUG 4410 --- [    Test worker] org.hibernate.type.BasicTypeRegistry     : Adding type registration wrapper-binary -> org.hibernate.type.BasicTypeReference@bb12f41
2025-01-11T01:52:53.899+09:00 DEBUG 4410 --- [    Test worker] org.hibernate.type.BasicTypeRegistry     : Adding type registration image -> org.hibernate.type.BasicTypeReference@708dfe10
2025-01-11T01:52:53.899+09:00 DEBUG 4410 --- [    Test worker] org.hibernate.type.BasicTypeRegistry     : Adding type registration blob -> org.hibernate.type.BasicTypeReference@18989e0
2025-01-11T01:52:53.899+09:00 DEBUG 4410 --- [    Test worker] org.hibernate.type.BasicTypeRegistry     : Adding type registration java.sql.Blob -> org.hibernate.type.BasicTypeReference@18989e0
2025-01-11T01:52:53.899+09:00 DEBUG 4410 --- [    Test worker] org.hibernate.type.BasicTypeRegistry     : Adding type registration materialized_blob -> org.hibernate.type.BasicTypeReference@2a120c88
2025-01-11T01:52:53.899+09:00 DEBUG 4410 --- [    Test worker] org.hibernate.type.BasicTypeRegistry     : Adding type registration materialized_blob_wrapper -> org.hibernate.type.BasicTypeReference@285bf5ac
2025-01-11T01:52:53.899+09:00 DEBUG 4410 --- [    Test worker] org.hibernate.type.BasicTypeRegistry     : Adding type registration short -> org.hibernate.type.BasicTypeReference@3739f3c9
2025-01-11T01:52:53.899+09:00 DEBUG 4410 --- [    Test worker] org.hibernate.type.BasicTypeRegistry     : Adding type registration short -> org.hibernate.type.BasicTypeReference@3739f3c9
2025-01-11T01:52:53.899+09:00 DEBUG 4410 --- [    Test worker] org.hibernate.type.BasicTypeRegistry     : Adding type registration java.lang.Short -> org.hibernate.type.BasicTypeReference@3739f3c9
2025-01-11T01:52:53.899+09:00 DEBUG 4410 --- [    Test worker] org.hibernate.type.BasicTypeRegistry     : Adding type registration integer -> org.hibernate.type.BasicTypeReference@7ab2ba47
2025-01-11T01:52:53.899+09:00 DEBUG 4410 --- [    Test worker] org.hibernate.type.BasicTypeRegistry     : Adding type registration int -> org.hibernate.type.BasicTypeReference@7ab2ba47
2025-01-11T01:52:53.899+09:00 DEBUG 4410 --- [    Test worker] org.hibernate.type.BasicTypeRegistry     : Adding type registration java.lang.Integer -> org.hibernate.type.BasicTypeReference@7ab2ba47
2025-01-11T01:52:53.899+09:00 DEBUG 4410 --- [    Test worker] org.hibernate.type.BasicTypeRegistry     : Adding type registration long -> org.hibernate.type.BasicTypeReference@40fe8fd5
2025-01-11T01:52:53.899+09:00 DEBUG 4410 --- [    Test worker] org.hibernate.type.BasicTypeRegistry     : Adding type registration long -> org.hibernate.type.BasicTypeReference@40fe8fd5
2025-01-11T01:52:53.899+09:00 DEBUG 4410 --- [    Test worker] org.hibernate.type.BasicTypeRegistry     : Adding type registration java.lang.Long -> org.hibernate.type.BasicTypeReference@40fe8fd5
2025-01-11T01:52:53.900+09:00 DEBUG 4410 --- [    Test worker] org.hibernate.type.BasicTypeRegistry     : Adding type registration float -> org.hibernate.type.BasicTypeReference@37ffe4f3
2025-01-11T01:52:53.900+09:00 DEBUG 4410 --- [    Test worker] org.hibernate.type.BasicTypeRegistry     : Adding type registration float -> org.hibernate.type.BasicTypeReference@37ffe4f3
2025-01-11T01:52:53.900+09:00 DEBUG 4410 --- [    Test worker] org.hibernate.type.BasicTypeRegistry     : Adding type registration java.lang.Float -> org.hibernate.type.BasicTypeReference@37ffe4f3
2025-01-11T01:52:53.900+09:00 DEBUG 4410 --- [    Test worker] org.hibernate.type.BasicTypeRegistry     : Adding type registration double -> org.hibernate.type.BasicTypeReference@4fa0ee7e
2025-01-11T01:52:53.900+09:00 DEBUG 4410 --- [    Test worker] org.hibernate.type.BasicTypeRegistry     : Adding type registration double -> org.hibernate.type.BasicTypeReference@4fa0ee7e
2025-01-11T01:52:53.900+09:00 DEBUG 4410 --- [    Test worker] org.hibernate.type.BasicTypeRegistry     : Adding type registration java.lang.Double -> org.hibernate.type.BasicTypeReference@4fa0ee7e
2025-01-11T01:52:53.900+09:00 DEBUG 4410 --- [    Test worker] org.hibernate.type.BasicTypeRegistry     : Adding type registration big_integer -> org.hibernate.type.BasicTypeReference@202f054f
2025-01-11T01:52:53.900+09:00 DEBUG 4410 --- [    Test worker] org.hibernate.type.BasicTypeRegistry     : Adding type registration java.math.BigInteger -> org.hibernate.type.BasicTypeReference@202f054f
2025-01-11T01:52:53.900+09:00 DEBUG 4410 --- [    Test worker] org.hibernate.type.BasicTypeRegistry     : Adding type registration big_decimal -> org.hibernate.type.BasicTypeReference@141bb6b8
2025-01-11T01:52:53.900+09:00 DEBUG 4410 --- [    Test worker] org.hibernate.type.BasicTypeRegistry     : Adding type registration java.math.BigDecimal -> org.hibernate.type.BasicTypeReference@141bb6b8
2025-01-11T01:52:53.900+09:00 DEBUG 4410 --- [    Test worker] org.hibernate.type.BasicTypeRegistry     : Adding type registration character -> org.hibernate.type.BasicTypeReference@5c8b10b4
2025-01-11T01:52:53.901+09:00 DEBUG 4410 --- [    Test worker] org.hibernate.type.BasicTypeRegistry     : Adding type registration char -> org.hibernate.type.BasicTypeReference@5c8b10b4
2025-01-11T01:52:53.901+09:00 DEBUG 4410 --- [    Test worker] org.hibernate.type.BasicTypeRegistry     : Adding type registration java.lang.Character -> org.hibernate.type.BasicTypeReference@5c8b10b4
2025-01-11T01:52:53.901+09:00 DEBUG 4410 --- [    Test worker] org.hibernate.type.BasicTypeRegistry     : Adding type registration character_nchar -> org.hibernate.type.BasicTypeReference@1410d645
2025-01-11T01:52:53.901+09:00 DEBUG 4410 --- [    Test worker] org.hibernate.type.BasicTypeRegistry     : Adding type registration string -> org.hibernate.type.BasicTypeReference@4ccdacf5
2025-01-11T01:52:53.901+09:00 DEBUG 4410 --- [    Test worker] org.hibernate.type.BasicTypeRegistry     : Adding type registration java.lang.String -> org.hibernate.type.BasicTypeReference@4ccdacf5
2025-01-11T01:52:53.901+09:00 DEBUG 4410 --- [    Test worker] org.hibernate.type.BasicTypeRegistry     : Adding type registration nstring -> org.hibernate.type.BasicTypeReference@5aa6da2
2025-01-11T01:52:53.901+09:00 DEBUG 4410 --- [    Test worker] org.hibernate.type.BasicTypeRegistry     : Adding type registration characters -> org.hibernate.type.BasicTypeReference@1a0d313
2025-01-11T01:52:53.901+09:00 DEBUG 4410 --- [    Test worker] org.hibernate.type.BasicTypeRegistry     : Adding type registration char[] -> org.hibernate.type.BasicTypeReference@1a0d313
2025-01-11T01:52:53.901+09:00 DEBUG 4410 --- [    Test worker] org.hibernate.type.BasicTypeRegistry     : Adding type registration [C -> org.hibernate.type.BasicTypeReference@1a0d313
2025-01-11T01:52:53.901+09:00 DEBUG 4410 --- [    Test worker] org.hibernate.type.BasicTypeRegistry     : Adding type registration wrapper-characters -> org.hibernate.type.BasicTypeReference@13908f9c
2025-01-11T01:52:53.901+09:00 DEBUG 4410 --- [    Test worker] org.hibernate.type.BasicTypeRegistry     : Adding type registration text -> org.hibernate.type.BasicTypeReference@329b331f
2025-01-11T01:52:53.901+09:00 DEBUG 4410 --- [    Test worker] org.hibernate.type.BasicTypeRegistry     : Adding type registration ntext -> org.hibernate.type.BasicTypeReference@640a8f93
2025-01-11T01:52:53.901+09:00 DEBUG 4410 --- [    Test worker] org.hibernate.type.BasicTypeRegistry     : Adding type registration clob -> org.hibernate.type.BasicTypeReference@6335f04a
2025-01-11T01:52:53.901+09:00 DEBUG 4410 --- [    Test worker] org.hibernate.type.BasicTypeRegistry     : Adding type registration java.sql.Clob -> org.hibernate.type.BasicTypeReference@6335f04a
2025-01-11T01:52:53.902+09:00 DEBUG 4410 --- [    Test worker] org.hibernate.type.BasicTypeRegistry     : Adding type registration nclob -> org.hibernate.type.BasicTypeReference@74ce7fdf
2025-01-11T01:52:53.902+09:00 DEBUG 4410 --- [    Test worker] org.hibernate.type.BasicTypeRegistry     : Adding type registration java.sql.NClob -> org.hibernate.type.BasicTypeReference@74ce7fdf
2025-01-11T01:52:53.902+09:00 DEBUG 4410 --- [    Test worker] org.hibernate.type.BasicTypeRegistry     : Adding type registration materialized_clob -> org.hibernate.type.BasicTypeReference@1f26b992
2025-01-11T01:52:53.902+09:00 DEBUG 4410 --- [    Test worker] org.hibernate.type.BasicTypeRegistry     : Adding type registration materialized_clob_char_array -> org.hibernate.type.BasicTypeReference@2f60cbf2
2025-01-11T01:52:53.902+09:00 DEBUG 4410 --- [    Test worker] org.hibernate.type.BasicTypeRegistry     : Adding type registration materialized_clob_character_array -> org.hibernate.type.BasicTypeReference@631bc9f4
2025-01-11T01:52:53.902+09:00 DEBUG 4410 --- [    Test worker] org.hibernate.type.BasicTypeRegistry     : Adding type registration materialized_nclob -> org.hibernate.type.BasicTypeReference@642c72cf
2025-01-11T01:52:53.902+09:00 DEBUG 4410 --- [    Test worker] org.hibernate.type.BasicTypeRegistry     : Adding type registration materialized_nclob_character_array -> org.hibernate.type.BasicTypeReference@4e6cbdf1
2025-01-11T01:52:53.902+09:00 DEBUG 4410 --- [    Test worker] org.hibernate.type.BasicTypeRegistry     : Adding type registration materialized_nclob_char_array -> org.hibernate.type.BasicTypeReference@67fac095
2025-01-11T01:52:53.902+09:00 DEBUG 4410 --- [    Test worker] org.hibernate.type.BasicTypeRegistry     : Adding type registration Duration -> org.hibernate.type.BasicTypeReference@5a13f1f7
2025-01-11T01:52:53.902+09:00 DEBUG 4410 --- [    Test worker] org.hibernate.type.BasicTypeRegistry     : Adding type registration java.time.Duration -> org.hibernate.type.BasicTypeReference@5a13f1f7
2025-01-11T01:52:53.902+09:00 DEBUG 4410 --- [    Test worker] org.hibernate.type.BasicTypeRegistry     : Adding type registration LocalDateTime -> org.hibernate.type.BasicTypeReference@5dae5a70
2025-01-11T01:52:53.902+09:00 DEBUG 4410 --- [    Test worker] org.hibernate.type.BasicTypeRegistry     : Adding type registration java.time.LocalDateTime -> org.hibernate.type.BasicTypeReference@5dae5a70
2025-01-11T01:52:53.902+09:00 DEBUG 4410 --- [    Test worker] org.hibernate.type.BasicTypeRegistry     : Adding type registration LocalDate -> org.hibernate.type.BasicTypeReference@7686f701
2025-01-11T01:52:53.902+09:00 DEBUG 4410 --- [    Test worker] org.hibernate.type.BasicTypeRegistry     : Adding type registration java.time.LocalDate -> org.hibernate.type.BasicTypeReference@7686f701
2025-01-11T01:52:53.902+09:00 DEBUG 4410 --- [    Test worker] org.hibernate.type.BasicTypeRegistry     : Adding type registration LocalTime -> org.hibernate.type.BasicTypeReference@47c96f2c
2025-01-11T01:52:53.902+09:00 DEBUG 4410 --- [    Test worker] org.hibernate.type.BasicTypeRegistry     : Adding type registration java.time.LocalTime -> org.hibernate.type.BasicTypeReference@47c96f2c
2025-01-11T01:52:53.903+09:00 DEBUG 4410 --- [    Test worker] org.hibernate.type.BasicTypeRegistry     : Adding type registration OffsetDateTime -> org.hibernate.type.BasicTypeReference@210a26b
2025-01-11T01:52:53.903+09:00 DEBUG 4410 --- [    Test worker] org.hibernate.type.BasicTypeRegistry     : Adding type registration java.time.OffsetDateTime -> org.hibernate.type.BasicTypeReference@210a26b
2025-01-11T01:52:53.903+09:00 DEBUG 4410 --- [    Test worker] org.hibernate.type.BasicTypeRegistry     : Adding type registration OffsetDateTimeWithTimezone -> org.hibernate.type.BasicTypeReference@2dc21583
2025-01-11T01:52:53.903+09:00 DEBUG 4410 --- [    Test worker] org.hibernate.type.BasicTypeRegistry     : Adding type registration OffsetDateTimeWithoutTimezone -> org.hibernate.type.BasicTypeReference@6cbdd1c5
2025-01-11T01:52:53.903+09:00 DEBUG 4410 --- [    Test worker] org.hibernate.type.BasicTypeRegistry     : Adding type registration OffsetTime -> org.hibernate.type.BasicTypeReference@60816371
2025-01-11T01:52:53.903+09:00 DEBUG 4410 --- [    Test worker] org.hibernate.type.BasicTypeRegistry     : Adding type registration java.time.OffsetTime -> org.hibernate.type.BasicTypeReference@60816371
2025-01-11T01:52:53.903+09:00 DEBUG 4410 --- [    Test worker] org.hibernate.type.BasicTypeRegistry     : Adding type registration OffsetTimeUtc -> org.hibernate.type.BasicTypeReference@678586f0
2025-01-11T01:52:53.903+09:00 DEBUG 4410 --- [    Test worker] org.hibernate.type.BasicTypeRegistry     : Adding type registration OffsetTimeWithTimezone -> org.hibernate.type.BasicTypeReference@5ad6f98e
2025-01-11T01:52:53.903+09:00 DEBUG 4410 --- [    Test worker] org.hibernate.type.BasicTypeRegistry     : Adding type registration OffsetTimeWithoutTimezone -> org.hibernate.type.BasicTypeReference@586728e8
2025-01-11T01:52:53.903+09:00 DEBUG 4410 --- [    Test worker] org.hibernate.type.BasicTypeRegistry     : Adding type registration ZonedDateTime -> org.hibernate.type.BasicTypeReference@3316527e
2025-01-11T01:52:53.903+09:00 DEBUG 4410 --- [    Test worker] org.hibernate.type.BasicTypeRegistry     : Adding type registration java.time.ZonedDateTime -> org.hibernate.type.BasicTypeReference@3316527e
2025-01-11T01:52:53.903+09:00 DEBUG 4410 --- [    Test worker] org.hibernate.type.BasicTypeRegistry     : Adding type registration ZonedDateTimeWithTimezone -> org.hibernate.type.BasicTypeReference@786ff0ea
2025-01-11T01:52:53.903+09:00 DEBUG 4410 --- [    Test worker] org.hibernate.type.BasicTypeRegistry     : Adding type registration ZonedDateTimeWithoutTimezone -> org.hibernate.type.BasicTypeReference@15186ce0
2025-01-11T01:52:53.903+09:00 DEBUG 4410 --- [    Test worker] org.hibernate.type.BasicTypeRegistry     : Adding type registration date -> org.hibernate.type.BasicTypeReference@745926c3
2025-01-11T01:52:53.903+09:00 DEBUG 4410 --- [    Test worker] org.hibernate.type.BasicTypeRegistry     : Adding type registration java.sql.Date -> org.hibernate.type.BasicTypeReference@745926c3
2025-01-11T01:52:53.903+09:00 DEBUG 4410 --- [    Test worker] org.hibernate.type.BasicTypeRegistry     : Adding type registration time -> org.hibernate.type.BasicTypeReference@75dd0f94
2025-01-11T01:52:53.903+09:00 DEBUG 4410 --- [    Test worker] org.hibernate.type.BasicTypeRegistry     : Adding type registration java.sql.Time -> org.hibernate.type.BasicTypeReference@75dd0f94
2025-01-11T01:52:53.904+09:00 DEBUG 4410 --- [    Test worker] org.hibernate.type.BasicTypeRegistry     : Adding type registration timestamp -> org.hibernate.type.BasicTypeReference@72324965
2025-01-11T01:52:53.904+09:00 DEBUG 4410 --- [    Test worker] org.hibernate.type.BasicTypeRegistry     : Adding type registration java.sql.Timestamp -> org.hibernate.type.BasicTypeReference@72324965
2025-01-11T01:52:53.904+09:00 DEBUG 4410 --- [    Test worker] org.hibernate.type.BasicTypeRegistry     : Adding type registration java.util.Date -> org.hibernate.type.BasicTypeReference@72324965
2025-01-11T01:52:53.904+09:00 DEBUG 4410 --- [    Test worker] org.hibernate.type.BasicTypeRegistry     : Adding type registration calendar -> org.hibernate.type.BasicTypeReference@249b54af
2025-01-11T01:52:53.904+09:00 DEBUG 4410 --- [    Test worker] org.hibernate.type.BasicTypeRegistry     : Adding type registration java.util.Calendar -> org.hibernate.type.BasicTypeReference@249b54af
2025-01-11T01:52:53.904+09:00 DEBUG 4410 --- [    Test worker] org.hibernate.type.BasicTypeRegistry     : Adding type registration java.util.GregorianCalendar -> org.hibernate.type.BasicTypeReference@249b54af
2025-01-11T01:52:53.904+09:00 DEBUG 4410 --- [    Test worker] org.hibernate.type.BasicTypeRegistry     : Adding type registration calendar_date -> org.hibernate.type.BasicTypeReference@194911c1
2025-01-11T01:52:53.904+09:00 DEBUG 4410 --- [    Test worker] org.hibernate.type.BasicTypeRegistry     : Adding type registration calendar_time -> org.hibernate.type.BasicTypeReference@4751cd3
2025-01-11T01:52:53.904+09:00 DEBUG 4410 --- [    Test worker] org.hibernate.type.BasicTypeRegistry     : Adding type registration instant -> org.hibernate.type.BasicTypeReference@64ec1459
2025-01-11T01:52:53.904+09:00 DEBUG 4410 --- [    Test worker] org.hibernate.type.BasicTypeRegistry     : Adding type registration java.time.Instant -> org.hibernate.type.BasicTypeReference@64ec1459
2025-01-11T01:52:53.904+09:00 DEBUG 4410 --- [    Test worker] org.hibernate.type.BasicTypeRegistry     : Adding type registration uuid -> org.hibernate.type.BasicTypeReference@1aac0a47
2025-01-11T01:52:53.904+09:00 DEBUG 4410 --- [    Test worker] org.hibernate.type.BasicTypeRegistry     : Adding type registration java.util.UUID -> org.hibernate.type.BasicTypeReference@1aac0a47
2025-01-11T01:52:53.905+09:00 DEBUG 4410 --- [    Test worker] org.hibernate.type.BasicTypeRegistry     : Adding type registration pg-uuid -> org.hibernate.type.BasicTypeReference@1aac0a47
2025-01-11T01:52:53.905+09:00 DEBUG 4410 --- [    Test worker] org.hibernate.type.BasicTypeRegistry     : Adding type registration uuid-binary -> org.hibernate.type.BasicTypeReference@4b3ad7ca
2025-01-11T01:52:53.905+09:00 DEBUG 4410 --- [    Test worker] org.hibernate.type.BasicTypeRegistry     : Adding type registration uuid-char -> org.hibernate.type.BasicTypeReference@6785c9fa
2025-01-11T01:52:53.905+09:00 DEBUG 4410 --- [    Test worker] org.hibernate.type.BasicTypeRegistry     : Adding type registration class -> org.hibernate.type.BasicTypeReference@63cf578f
2025-01-11T01:52:53.905+09:00 DEBUG 4410 --- [    Test worker] org.hibernate.type.BasicTypeRegistry     : Adding type registration java.lang.Class -> org.hibernate.type.BasicTypeReference@63cf578f
2025-01-11T01:52:53.905+09:00 DEBUG 4410 --- [    Test worker] org.hibernate.type.BasicTypeRegistry     : Adding type registration currency -> org.hibernate.type.BasicTypeReference@194b9783
2025-01-11T01:52:53.905+09:00 DEBUG 4410 --- [    Test worker] org.hibernate.type.BasicTypeRegistry     : Adding type registration Currency -> org.hibernate.type.BasicTypeReference@194b9783
2025-01-11T01:52:53.905+09:00 DEBUG 4410 --- [    Test worker] org.hibernate.type.BasicTypeRegistry     : Adding type registration java.util.Currency -> org.hibernate.type.BasicTypeReference@194b9783
2025-01-11T01:52:53.905+09:00 DEBUG 4410 --- [    Test worker] org.hibernate.type.BasicTypeRegistry     : Adding type registration locale -> org.hibernate.type.BasicTypeReference@45297e7
2025-01-11T01:52:53.905+09:00 DEBUG 4410 --- [    Test worker] org.hibernate.type.BasicTypeRegistry     : Adding type registration java.util.Locale -> org.hibernate.type.BasicTypeReference@45297e7
2025-01-11T01:52:53.905+09:00 DEBUG 4410 --- [    Test worker] org.hibernate.type.BasicTypeRegistry     : Adding type registration serializable -> org.hibernate.type.BasicTypeReference@4dd1548e
2025-01-11T01:52:53.905+09:00 DEBUG 4410 --- [    Test worker] org.hibernate.type.BasicTypeRegistry     : Adding type registration java.io.Serializable -> org.hibernate.type.BasicTypeReference@4dd1548e
2025-01-11T01:52:53.905+09:00 DEBUG 4410 --- [    Test worker] org.hibernate.type.BasicTypeRegistry     : Adding type registration timezone -> org.hibernate.type.BasicTypeReference@54bb1194
2025-01-11T01:52:53.905+09:00 DEBUG 4410 --- [    Test worker] org.hibernate.type.BasicTypeRegistry     : Adding type registration java.util.TimeZone -> org.hibernate.type.BasicTypeReference@54bb1194
2025-01-11T01:52:53.905+09:00 DEBUG 4410 --- [    Test worker] org.hibernate.type.BasicTypeRegistry     : Adding type registration ZoneOffset -> org.hibernate.type.BasicTypeReference@1109730f
2025-01-11T01:52:53.905+09:00 DEBUG 4410 --- [    Test worker] org.hibernate.type.BasicTypeRegistry     : Adding type registration java.time.ZoneOffset -> org.hibernate.type.BasicTypeReference@1109730f
2025-01-11T01:52:53.905+09:00 DEBUG 4410 --- [    Test worker] org.hibernate.type.BasicTypeRegistry     : Adding type registration url -> org.hibernate.type.BasicTypeReference@1f42366
2025-01-11T01:52:53.905+09:00 DEBUG 4410 --- [    Test worker] org.hibernate.type.BasicTypeRegistry     : Adding type registration java.net.URL -> org.hibernate.type.BasicTypeReference@1f42366
2025-01-11T01:52:53.905+09:00 DEBUG 4410 --- [    Test worker] org.hibernate.type.BasicTypeRegistry     : Adding type registration vector -> org.hibernate.type.BasicTypeReference@46c662f2
2025-01-11T01:52:53.905+09:00 DEBUG 4410 --- [    Test worker] org.hibernate.type.BasicTypeRegistry     : Adding type registration float_vector -> org.hibernate.type.BasicTypeReference@4afdfc0f
2025-01-11T01:52:53.906+09:00 DEBUG 4410 --- [    Test worker] org.hibernate.type.BasicTypeRegistry     : Adding type registration double_vector -> org.hibernate.type.BasicTypeReference@10b67f54
2025-01-11T01:52:53.906+09:00 DEBUG 4410 --- [    Test worker] org.hibernate.type.BasicTypeRegistry     : Adding type registration byte_vector -> org.hibernate.type.BasicTypeReference@30798137
2025-01-11T01:52:53.906+09:00 DEBUG 4410 --- [    Test worker] org.hibernate.type.BasicTypeRegistry     : Adding type registration row_version -> org.hibernate.type.BasicTypeReference@455da438
2025-01-11T01:52:53.909+09:00 DEBUG 4410 --- [    Test worker] org.hibernate.type.BasicTypeRegistry     : Adding type registration object -> org.hibernate.type.JavaObjectType@4bdb04c8
2025-01-11T01:52:53.909+09:00 DEBUG 4410 --- [    Test worker] org.hibernate.type.BasicTypeRegistry     : Adding type registration java.lang.Object -> org.hibernate.type.JavaObjectType@4bdb04c8
2025-01-11T01:52:53.910+09:00 DEBUG 4410 --- [    Test worker] org.hibernate.type.BasicTypeRegistry     : Adding type registration null -> org.hibernate.type.NullType@502c087e
2025-01-11T01:52:53.910+09:00 DEBUG 4410 --- [    Test worker] org.hibernate.type.BasicTypeRegistry     : Adding type registration imm_date -> org.hibernate.type.BasicTypeReference@49986178
2025-01-11T01:52:53.910+09:00 DEBUG 4410 --- [    Test worker] org.hibernate.type.BasicTypeRegistry     : Adding type registration imm_time -> org.hibernate.type.BasicTypeReference@10bdfbcc
2025-01-11T01:52:53.910+09:00 DEBUG 4410 --- [    Test worker] org.hibernate.type.BasicTypeRegistry     : Adding type registration imm_timestamp -> org.hibernate.type.BasicTypeReference@25b74370
2025-01-11T01:52:53.910+09:00 DEBUG 4410 --- [    Test worker] org.hibernate.type.BasicTypeRegistry     : Adding type registration imm_calendar -> org.hibernate.type.BasicTypeReference@15e8c040
2025-01-11T01:52:53.910+09:00 DEBUG 4410 --- [    Test worker] org.hibernate.type.BasicTypeRegistry     : Adding type registration imm_calendar_date -> org.hibernate.type.BasicTypeReference@1f71e024
2025-01-11T01:52:53.910+09:00 DEBUG 4410 --- [    Test worker] org.hibernate.type.BasicTypeRegistry     : Adding type registration imm_calendar_time -> org.hibernate.type.BasicTypeReference@60ed0b9d
2025-01-11T01:52:53.910+09:00 DEBUG 4410 --- [    Test worker] org.hibernate.type.BasicTypeRegistry     : Adding type registration imm_binary -> org.hibernate.type.BasicTypeReference@7f5e6833
2025-01-11T01:52:53.910+09:00 DEBUG 4410 --- [    Test worker] org.hibernate.type.BasicTypeRegistry     : Adding type registration imm_serializable -> org.hibernate.type.BasicTypeReference@2c674d58
2025-01-11T01:52:54.011+09:00  INFO 4410 --- [    Test worker] o.s.o.j.p.SpringPersistenceUnitInfo      : No LoadTimeWeaver setup: ignoring JPA class transformer
2025-01-11T01:52:54.054+09:00  INFO 4410 --- [    Test worker] org.hibernate.orm.connections.pooling    : HHH10001005: Database info:
	Database JDBC URL [Connecting through datasource 'p6SpyDataSourceDecorator [com.p6spy.engine.spy.P6DataSource] -> dataSource [com.zaxxer.hikari.HikariDataSource]']
	Database driver: undefined/unknown
	Database version: 2.3.232
	Autocommit mode: undefined/unknown
	Isolation level: undefined/unknown
	Minimum pool size: undefined/unknown
	Maximum pool size: undefined/unknown
2025-01-11T01:52:54.059+09:00 DEBUG 4410 --- [    Test worker] o.h.t.d.jdbc.spi.JdbcTypeRegistry        : addDescriptor(NCharTypeDescriptor) replaced previous registration(CharTypeDescriptor)
2025-01-11T01:52:54.059+09:00 DEBUG 4410 --- [    Test worker] o.h.t.d.jdbc.spi.JdbcTypeRegistry        : addDescriptor(NVarcharTypeDescriptor) replaced previous registration(VarcharTypeDescriptor)
2025-01-11T01:52:54.060+09:00 DEBUG 4410 --- [    Test worker] o.h.t.d.jdbc.spi.JdbcTypeRegistry        : addDescriptor(LongNVarcharTypeDescriptor) replaced previous registration(LongVarcharTypeDescriptor)
2025-01-11T01:52:54.062+09:00 DEBUG 4410 --- [    Test worker] o.h.t.d.jdbc.spi.JdbcTypeRegistry        : addDescriptor(NClobTypeDescriptor(DEFAULT)) replaced previous registration(ClobTypeDescriptor(DEFAULT))
2025-01-11T01:52:54.063+09:00 DEBUG 4410 --- [    Test worker] o.h.t.d.jdbc.spi.JdbcTypeRegistry        : addDescriptor(TimestampUtcDescriptor) replaced previous registration(TimestampUtcDescriptor)
2025-01-11T01:52:54.066+09:00 DEBUG 4410 --- [    Test worker] org.hibernate.type.BasicTypeRegistry     : Adding type registration org.hibernate.type.DurationType -> basicType@1(java.time.Duration,3015)
2025-01-11T01:52:54.066+09:00 DEBUG 4410 --- [    Test worker] org.hibernate.type.BasicTypeRegistry     : Adding type registration Duration -> basicType@1(java.time.Duration,3015)
2025-01-11T01:52:54.066+09:00 DEBUG 4410 --- [    Test worker] org.hibernate.type.BasicTypeRegistry     : Adding type registration java.time.Duration -> basicType@1(java.time.Duration,3015)
2025-01-11T01:52:54.068+09:00 DEBUG 4410 --- [    Test worker] o.h.type.spi.TypeConfiguration$Scope     : Scoping TypeConfiguration [org.hibernate.type.spi.TypeConfiguration@5dce5c03] to MetadataBuildingContext [org.hibernate.boot.internal.MetadataBuildingContextRootImpl@b76b7d8]
2025-01-11T01:52:54.549+09:00 DEBUG 4410 --- [    Test worker] org.hibernate.SQL                        : create global temporary table HTE_item(price integer, rn_ integer not null, stock_quantity integer, item_id bigint, dtype varchar(31) not null, actor varchar(255), artist varchar(255), author varchar(255), director varchar(255), etc varchar(255), ibn varchar(255), name varchar(255), primary key (rn_)) TRANSACTIONAL
2025-01-11T01:52:54.558+09:00  INFO 4410 --- [    Test worker] p6spy                                    : #1736527974558 | took 6ms | statement | connection 2| url jdbc:h2:mem:57666ccf-aec8-4c92-bde6-07823d93b665
create global temporary table HTE_item(price integer, rn_ integer not null, stock_quantity integer, item_id bigint, dtype varchar(31) not null, actor varchar(255), artist varchar(255), author varchar(255), director varchar(255), etc varchar(255), ibn varchar(255), name varchar(255), primary key (rn_)) TRANSACTIONAL
create global temporary table HTE_item(price integer, rn_ integer not null, stock_quantity integer, item_id bigint, dtype varchar(31) not null, actor varchar(255), artist varchar(255), author varchar(255), director varchar(255), etc varchar(255), ibn varchar(255), name varchar(255), primary key (rn_)) TRANSACTIONAL;
2025-01-11T01:52:54.559+09:00 DEBUG 4410 --- [    Test worker] org.hibernate.SQL                        : create global temporary table HTE_item2(price integer, rn_ integer not null, stock_quantity integer, item_id bigint, dtype varchar(31) not null, actor varchar(255), director varchar(255), name varchar(255), primary key (rn_)) TRANSACTIONAL
2025-01-11T01:52:54.559+09:00  INFO 4410 --- [    Test worker] p6spy                                    : #1736527974559 | took 0ms | statement | connection 3| url jdbc:h2:mem:57666ccf-aec8-4c92-bde6-07823d93b665
create global temporary table HTE_item2(price integer, rn_ integer not null, stock_quantity integer, item_id bigint, dtype varchar(31) not null, actor varchar(255), director varchar(255), name varchar(255), primary key (rn_)) TRANSACTIONAL
create global temporary table HTE_item2(price integer, rn_ integer not null, stock_quantity integer, item_id bigint, dtype varchar(31) not null, actor varchar(255), director varchar(255), name varchar(255), primary key (rn_)) TRANSACTIONAL;
2025-01-11T01:52:54.560+09:00 DEBUG 4410 --- [    Test worker] org.hibernate.SQL                        : create global temporary table HTE_category(rn_ integer not null, category_id bigint, parent_id bigint, name varchar(255), primary key (rn_)) TRANSACTIONAL
2025-01-11T01:52:54.560+09:00  INFO 4410 --- [    Test worker] p6spy                                    : #1736527974560 | took 0ms | statement | connection 4| url jdbc:h2:mem:57666ccf-aec8-4c92-bde6-07823d93b665
create global temporary table HTE_category(rn_ integer not null, category_id bigint, parent_id bigint, name varchar(255), primary key (rn_)) TRANSACTIONAL
create global temporary table HTE_category(rn_ integer not null, category_id bigint, parent_id bigint, name varchar(255), primary key (rn_)) TRANSACTIONAL;
2025-01-11T01:52:54.561+09:00 DEBUG 4410 --- [    Test worker] org.hibernate.SQL                        : create global temporary table HTE_orders(rn_ integer not null, delivery_id bigint, member_id bigint, order_date timestamp(6), order_id bigint, status enum ('CANCEL','ORDER'), primary key (rn_)) TRANSACTIONAL
2025-01-11T01:52:54.562+09:00  INFO 4410 --- [    Test worker] p6spy                                    : #1736527974562 | took 0ms | statement | connection 5| url jdbc:h2:mem:57666ccf-aec8-4c92-bde6-07823d93b665
create global temporary table HTE_orders(rn_ integer not null, delivery_id bigint, member_id bigint, order_date timestamp(6), order_id bigint, status enum ('CANCEL','ORDER'), primary key (rn_)) TRANSACTIONAL
create global temporary table HTE_orders(rn_ integer not null, delivery_id bigint, member_id bigint, order_date timestamp(6), order_id bigint, status enum ('CANCEL','ORDER'), primary key (rn_)) TRANSACTIONAL;
2025-01-11T01:52:54.563+09:00 DEBUG 4410 --- [    Test worker] org.hibernate.SQL                        : create global temporary table HTE_item0(price integer, rn_ integer not null, stock_quantity integer, item_id bigint, dtype varchar(31) not null, artist varchar(255), etc varchar(255), name varchar(255), primary key (rn_)) TRANSACTIONAL
2025-01-11T01:52:54.563+09:00  INFO 4410 --- [    Test worker] p6spy                                    : #1736527974563 | took 0ms | statement | connection 6| url jdbc:h2:mem:57666ccf-aec8-4c92-bde6-07823d93b665
create global temporary table HTE_item0(price integer, rn_ integer not null, stock_quantity integer, item_id bigint, dtype varchar(31) not null, artist varchar(255), etc varchar(255), name varchar(255), primary key (rn_)) TRANSACTIONAL
create global temporary table HTE_item0(price integer, rn_ integer not null, stock_quantity integer, item_id bigint, dtype varchar(31) not null, artist varchar(255), etc varchar(255), name varchar(255), primary key (rn_)) TRANSACTIONAL;
2025-01-11T01:52:54.564+09:00 DEBUG 4410 --- [    Test worker] org.hibernate.SQL                        : create global temporary table HTE_item1(price integer, rn_ integer not null, stock_quantity integer, item_id bigint, dtype varchar(31) not null, author varchar(255), ibn varchar(255), name varchar(255), primary key (rn_)) TRANSACTIONAL
2025-01-11T01:52:54.564+09:00  INFO 4410 --- [    Test worker] p6spy                                    : #1736527974564 | took 0ms | statement | connection 7| url jdbc:h2:mem:57666ccf-aec8-4c92-bde6-07823d93b665
create global temporary table HTE_item1(price integer, rn_ integer not null, stock_quantity integer, item_id bigint, dtype varchar(31) not null, author varchar(255), ibn varchar(255), name varchar(255), primary key (rn_)) TRANSACTIONAL
create global temporary table HTE_item1(price integer, rn_ integer not null, stock_quantity integer, item_id bigint, dtype varchar(31) not null, author varchar(255), ibn varchar(255), name varchar(255), primary key (rn_)) TRANSACTIONAL;
2025-01-11T01:52:54.564+09:00 DEBUG 4410 --- [    Test worker] org.hibernate.SQL                        : create global temporary table HTE_order_item(count integer, order_price integer, rn_ integer not null, item_id bigint, order_id bigint, order_item_id bigint, primary key (rn_)) TRANSACTIONAL
2025-01-11T01:52:54.566+09:00  INFO 4410 --- [    Test worker] p6spy                                    : #1736527974566 | took 2ms | statement | connection 8| url jdbc:h2:mem:57666ccf-aec8-4c92-bde6-07823d93b665
create global temporary table HTE_order_item(count integer, order_price integer, rn_ integer not null, item_id bigint, order_id bigint, order_item_id bigint, primary key (rn_)) TRANSACTIONAL
create global temporary table HTE_order_item(count integer, order_price integer, rn_ integer not null, item_id bigint, order_id bigint, order_item_id bigint, primary key (rn_)) TRANSACTIONAL;
2025-01-11T01:52:54.568+09:00 DEBUG 4410 --- [    Test worker] org.hibernate.SQL                        : create global temporary table HTE_member(rn_ integer not null, member_id bigint, city varchar(255), name varchar(255), street varchar(255), zipcode varchar(255), primary key (rn_)) TRANSACTIONAL
2025-01-11T01:52:54.568+09:00  INFO 4410 --- [    Test worker] p6spy                                    : #1736527974568 | took 0ms | statement | connection 9| url jdbc:h2:mem:57666ccf-aec8-4c92-bde6-07823d93b665
create global temporary table HTE_member(rn_ integer not null, member_id bigint, city varchar(255), name varchar(255), street varchar(255), zipcode varchar(255), primary key (rn_)) TRANSACTIONAL
create global temporary table HTE_member(rn_ integer not null, member_id bigint, city varchar(255), name varchar(255), street varchar(255), zipcode varchar(255), primary key (rn_)) TRANSACTIONAL;
2025-01-11T01:52:54.569+09:00 DEBUG 4410 --- [    Test worker] org.hibernate.SQL                        : create global temporary table HTE_delivery(rn_ integer not null, delivery_id bigint, city varchar(255), street varchar(255), zipcode varchar(255), status enum ('COMP','READY'), primary key (rn_)) TRANSACTIONAL
2025-01-11T01:52:54.569+09:00  INFO 4410 --- [    Test worker] p6spy                                    : #1736527974569 | took 0ms | statement | connection 10| url jdbc:h2:mem:57666ccf-aec8-4c92-bde6-07823d93b665
create global temporary table HTE_delivery(rn_ integer not null, delivery_id bigint, city varchar(255), street varchar(255), zipcode varchar(255), status enum ('COMP','READY'), primary key (rn_)) TRANSACTIONAL
create global temporary table HTE_delivery(rn_ integer not null, delivery_id bigint, city varchar(255), street varchar(255), zipcode varchar(255), status enum ('COMP','READY'), primary key (rn_)) TRANSACTIONAL;
2025-01-11T01:52:54.649+09:00  INFO 4410 --- [    Test worker] o.h.e.t.j.p.i.JtaPlatformInitiator       : HHH000489: No JTA platform available (set 'hibernate.transaction.jta.platform' to enable JTA platform integration)
2025-01-11T01:52:54.650+09:00 DEBUG 4410 --- [    Test worker] o.h.type.spi.TypeConfiguration$Scope     : Scoping TypeConfiguration [org.hibernate.type.spi.TypeConfiguration@5dce5c03] to SessionFactoryImplementor [org.hibernate.internal.SessionFactoryImpl@28b16193]
2025-01-11T01:52:54.657+09:00 DEBUG 4410 --- [    Test worker] org.hibernate.SQL                        : drop table if exists category cascade 
2025-01-11T01:52:54.657+09:00  INFO 4410 --- [    Test worker] p6spy                                    : #1736527974657 | took 0ms | statement | connection 11| url jdbc:h2:mem:57666ccf-aec8-4c92-bde6-07823d93b665
drop table if exists category cascade 
drop table if exists category cascade ;
2025-01-11T01:52:54.658+09:00 DEBUG 4410 --- [    Test worker] org.hibernate.SQL                        : drop table if exists category_item cascade 
2025-01-11T01:52:54.658+09:00  INFO 4410 --- [    Test worker] p6spy                                    : #1736527974658 | took 0ms | statement | connection 11| url jdbc:h2:mem:57666ccf-aec8-4c92-bde6-07823d93b665
drop table if exists category_item cascade 
drop table if exists category_item cascade ;
2025-01-11T01:52:54.658+09:00 DEBUG 4410 --- [    Test worker] org.hibernate.SQL                        : drop table if exists delivery cascade 
2025-01-11T01:52:54.658+09:00  INFO 4410 --- [    Test worker] p6spy                                    : #1736527974658 | took 0ms | statement | connection 11| url jdbc:h2:mem:57666ccf-aec8-4c92-bde6-07823d93b665
drop table if exists delivery cascade 
drop table if exists delivery cascade ;
2025-01-11T01:52:54.658+09:00 DEBUG 4410 --- [    Test worker] org.hibernate.SQL                        : drop table if exists item cascade 
2025-01-11T01:52:54.658+09:00  INFO 4410 --- [    Test worker] p6spy                                    : #1736527974658 | took 0ms | statement | connection 11| url jdbc:h2:mem:57666ccf-aec8-4c92-bde6-07823d93b665
drop table if exists item cascade 
drop table if exists item cascade ;
2025-01-11T01:52:54.658+09:00 DEBUG 4410 --- [    Test worker] org.hibernate.SQL                        : drop table if exists member cascade 
2025-01-11T01:52:54.658+09:00  INFO 4410 --- [    Test worker] p6spy                                    : #1736527974658 | took 0ms | statement | connection 11| url jdbc:h2:mem:57666ccf-aec8-4c92-bde6-07823d93b665
drop table if exists member cascade 
drop table if exists member cascade ;
2025-01-11T01:52:54.658+09:00 DEBUG 4410 --- [    Test worker] org.hibernate.SQL                        : drop table if exists order_item cascade 
2025-01-11T01:52:54.659+09:00  INFO 4410 --- [    Test worker] p6spy                                    : #1736527974659 | took 0ms | statement | connection 11| url jdbc:h2:mem:57666ccf-aec8-4c92-bde6-07823d93b665
drop table if exists order_item cascade 
drop table if exists order_item cascade ;
2025-01-11T01:52:54.659+09:00 DEBUG 4410 --- [    Test worker] org.hibernate.SQL                        : drop table if exists orders cascade 
2025-01-11T01:52:54.659+09:00  INFO 4410 --- [    Test worker] p6spy                                    : #1736527974659 | took 0ms | statement | connection 11| url jdbc:h2:mem:57666ccf-aec8-4c92-bde6-07823d93b665
drop table if exists orders cascade 
drop table if exists orders cascade ;
2025-01-11T01:52:54.659+09:00 DEBUG 4410 --- [    Test worker] org.hibernate.SQL                        : drop sequence if exists category_seq
2025-01-11T01:52:54.659+09:00  INFO 4410 --- [    Test worker] p6spy                                    : #1736527974659 | took 0ms | statement | connection 11| url jdbc:h2:mem:57666ccf-aec8-4c92-bde6-07823d93b665
drop sequence if exists category_seq
drop sequence if exists category_seq;
2025-01-11T01:52:54.659+09:00 DEBUG 4410 --- [    Test worker] org.hibernate.SQL                        : drop sequence if exists delivery_seq
2025-01-11T01:52:54.660+09:00  INFO 4410 --- [    Test worker] p6spy                                    : #1736527974660 | took 0ms | statement | connection 11| url jdbc:h2:mem:57666ccf-aec8-4c92-bde6-07823d93b665
drop sequence if exists delivery_seq
drop sequence if exists delivery_seq;
2025-01-11T01:52:54.660+09:00 DEBUG 4410 --- [    Test worker] org.hibernate.SQL                        : drop sequence if exists item_seq
2025-01-11T01:52:54.660+09:00  INFO 4410 --- [    Test worker] p6spy                                    : #1736527974660 | took 0ms | statement | connection 11| url jdbc:h2:mem:57666ccf-aec8-4c92-bde6-07823d93b665
drop sequence if exists item_seq
drop sequence if exists item_seq;
2025-01-11T01:52:54.660+09:00 DEBUG 4410 --- [    Test worker] org.hibernate.SQL                        : drop sequence if exists member_seq
2025-01-11T01:52:54.660+09:00  INFO 4410 --- [    Test worker] p6spy                                    : #1736527974660 | took 0ms | statement | connection 11| url jdbc:h2:mem:57666ccf-aec8-4c92-bde6-07823d93b665
drop sequence if exists member_seq
drop sequence if exists member_seq;
2025-01-11T01:52:54.660+09:00 DEBUG 4410 --- [    Test worker] org.hibernate.SQL                        : drop sequence if exists order_item_seq
2025-01-11T01:52:54.660+09:00  INFO 4410 --- [    Test worker] p6spy                                    : #1736527974660 | took 0ms | statement | connection 11| url jdbc:h2:mem:57666ccf-aec8-4c92-bde6-07823d93b665
drop sequence if exists order_item_seq
drop sequence if exists order_item_seq;
2025-01-11T01:52:54.660+09:00 DEBUG 4410 --- [    Test worker] org.hibernate.SQL                        : drop sequence if exists orders_seq
2025-01-11T01:52:54.660+09:00  INFO 4410 --- [    Test worker] p6spy                                    : #1736527974660 | took 0ms | statement | connection 11| url jdbc:h2:mem:57666ccf-aec8-4c92-bde6-07823d93b665
drop sequence if exists orders_seq
drop sequence if exists orders_seq;
2025-01-11T01:52:54.663+09:00 DEBUG 4410 --- [    Test worker] org.hibernate.SQL                        : create sequence category_seq start with 1 increment by 50
2025-01-11T01:52:54.664+09:00  INFO 4410 --- [    Test worker] p6spy                                    : #1736527974664 | took 1ms | statement | connection 12| url jdbc:h2:mem:57666ccf-aec8-4c92-bde6-07823d93b665
create sequence category_seq start with 1 increment by 50
create sequence category_seq start with 1 increment by 50;
2025-01-11T01:52:54.665+09:00 DEBUG 4410 --- [    Test worker] org.hibernate.SQL                        : create sequence delivery_seq start with 1 increment by 50
2025-01-11T01:52:54.665+09:00  INFO 4410 --- [    Test worker] p6spy                                    : #1736527974665 | took 0ms | statement | connection 12| url jdbc:h2:mem:57666ccf-aec8-4c92-bde6-07823d93b665
create sequence delivery_seq start with 1 increment by 50
create sequence delivery_seq start with 1 increment by 50;
2025-01-11T01:52:54.665+09:00 DEBUG 4410 --- [    Test worker] org.hibernate.SQL                        : create sequence item_seq start with 1 increment by 50
2025-01-11T01:52:54.665+09:00  INFO 4410 --- [    Test worker] p6spy                                    : #1736527974665 | took 0ms | statement | connection 12| url jdbc:h2:mem:57666ccf-aec8-4c92-bde6-07823d93b665
create sequence item_seq start with 1 increment by 50
create sequence item_seq start with 1 increment by 50;
2025-01-11T01:52:54.665+09:00 DEBUG 4410 --- [    Test worker] org.hibernate.SQL                        : create sequence member_seq start with 1 increment by 50
2025-01-11T01:52:54.666+09:00  INFO 4410 --- [    Test worker] p6spy                                    : #1736527974666 | took 0ms | statement | connection 12| url jdbc:h2:mem:57666ccf-aec8-4c92-bde6-07823d93b665
create sequence member_seq start with 1 increment by 50
create sequence member_seq start with 1 increment by 50;
2025-01-11T01:52:54.666+09:00 DEBUG 4410 --- [    Test worker] org.hibernate.SQL                        : create sequence order_item_seq start with 1 increment by 50
2025-01-11T01:52:54.666+09:00  INFO 4410 --- [    Test worker] p6spy                                    : #1736527974666 | took 0ms | statement | connection 12| url jdbc:h2:mem:57666ccf-aec8-4c92-bde6-07823d93b665
create sequence order_item_seq start with 1 increment by 50
create sequence order_item_seq start with 1 increment by 50;
2025-01-11T01:52:54.666+09:00 DEBUG 4410 --- [    Test worker] org.hibernate.SQL                        : create sequence orders_seq start with 1 increment by 50
2025-01-11T01:52:54.666+09:00  INFO 4410 --- [    Test worker] p6spy                                    : #1736527974666 | took 0ms | statement | connection 12| url jdbc:h2:mem:57666ccf-aec8-4c92-bde6-07823d93b665
create sequence orders_seq start with 1 increment by 50
create sequence orders_seq start with 1 increment by 50;
2025-01-11T01:52:54.668+09:00 DEBUG 4410 --- [    Test worker] org.hibernate.SQL                        : create table category (category_id bigint not null, parent_id bigint, name varchar(255), primary key (category_id))
2025-01-11T01:52:54.669+09:00  INFO 4410 --- [    Test worker] p6spy                                    : #1736527974669 | took 0ms | statement | connection 12| url jdbc:h2:mem:57666ccf-aec8-4c92-bde6-07823d93b665
create table category (category_id bigint not null, parent_id bigint, name varchar(255), primary key (category_id))
create table category (category_id bigint not null, parent_id bigint, name varchar(255), primary key (category_id));
2025-01-11T01:52:54.669+09:00 DEBUG 4410 --- [    Test worker] org.hibernate.SQL                        : create table category_item (category_id bigint not null, item_id bigint not null)
2025-01-11T01:52:54.669+09:00  INFO 4410 --- [    Test worker] p6spy                                    : #1736527974669 | took 0ms | statement | connection 12| url jdbc:h2:mem:57666ccf-aec8-4c92-bde6-07823d93b665
create table category_item (category_id bigint not null, item_id bigint not null)
create table category_item (category_id bigint not null, item_id bigint not null);
2025-01-11T01:52:54.669+09:00 DEBUG 4410 --- [    Test worker] org.hibernate.SQL                        : create table delivery (delivery_id bigint not null, city varchar(255), street varchar(255), zipcode varchar(255), status enum ('COMP','READY'), primary key (delivery_id))
2025-01-11T01:52:54.670+09:00  INFO 4410 --- [    Test worker] p6spy                                    : #1736527974670 | took 0ms | statement | connection 12| url jdbc:h2:mem:57666ccf-aec8-4c92-bde6-07823d93b665
create table delivery (delivery_id bigint not null, city varchar(255), street varchar(255), zipcode varchar(255), status enum ('COMP','READY'), primary key (delivery_id))
create table delivery (delivery_id bigint not null, city varchar(255), street varchar(255), zipcode varchar(255), status enum ('COMP','READY'), primary key (delivery_id));
2025-01-11T01:52:54.670+09:00 DEBUG 4410 --- [    Test worker] org.hibernate.SQL                        : create table item (price integer not null, stock_quantity integer not null, item_id bigint not null, dtype varchar(31) not null, actor varchar(255), artist varchar(255), author varchar(255), director varchar(255), etc varchar(255), ibn varchar(255), name varchar(255), primary key (item_id))
2025-01-11T01:52:54.670+09:00  INFO 4410 --- [    Test worker] p6spy                                    : #1736527974670 | took 0ms | statement | connection 12| url jdbc:h2:mem:57666ccf-aec8-4c92-bde6-07823d93b665
create table item (price integer not null, stock_quantity integer not null, item_id bigint not null, dtype varchar(31) not null, actor varchar(255), artist varchar(255), author varchar(255), director varchar(255), etc varchar(255), ibn varchar(255), name varchar(255), primary key (item_id))
create table item (price integer not null, stock_quantity integer not null, item_id bigint not null, dtype varchar(31) not null, actor varchar(255), artist varchar(255), author varchar(255), director varchar(255), etc varchar(255), ibn varchar(255), name varchar(255), primary key (item_id));
2025-01-11T01:52:54.670+09:00 DEBUG 4410 --- [    Test worker] org.hibernate.SQL                        : create table member (member_id bigint not null, city varchar(255), name varchar(255), street varchar(255), zipcode varchar(255), primary key (member_id))
2025-01-11T01:52:54.671+09:00  INFO 4410 --- [    Test worker] p6spy                                    : #1736527974671 | took 0ms | statement | connection 12| url jdbc:h2:mem:57666ccf-aec8-4c92-bde6-07823d93b665
create table member (member_id bigint not null, city varchar(255), name varchar(255), street varchar(255), zipcode varchar(255), primary key (member_id))
create table member (member_id bigint not null, city varchar(255), name varchar(255), street varchar(255), zipcode varchar(255), primary key (member_id));
2025-01-11T01:52:54.671+09:00 DEBUG 4410 --- [    Test worker] org.hibernate.SQL                        : create table order_item (count integer not null, order_price integer not null, item_id bigint, order_id bigint, order_item_id bigint not null, primary key (order_item_id))
2025-01-11T01:52:54.672+09:00  INFO 4410 --- [    Test worker] p6spy                                    : #1736527974672 | took 0ms | statement | connection 12| url jdbc:h2:mem:57666ccf-aec8-4c92-bde6-07823d93b665
create table order_item (count integer not null, order_price integer not null, item_id bigint, order_id bigint, order_item_id bigint not null, primary key (order_item_id))
create table order_item (count integer not null, order_price integer not null, item_id bigint, order_id bigint, order_item_id bigint not null, primary key (order_item_id));
2025-01-11T01:52:54.672+09:00 DEBUG 4410 --- [    Test worker] org.hibernate.SQL                        : create table orders (delivery_id bigint unique, member_id bigint, order_date timestamp(6), order_id bigint not null, status enum ('CANCEL','ORDER'), primary key (order_id))
2025-01-11T01:52:54.674+09:00  INFO 4410 --- [    Test worker] p6spy                                    : #1736527974674 | took 1ms | statement | connection 12| url jdbc:h2:mem:57666ccf-aec8-4c92-bde6-07823d93b665
create table orders (delivery_id bigint unique, member_id bigint, order_date timestamp(6), order_id bigint not null, status enum ('CANCEL','ORDER'), primary key (order_id))
create table orders (delivery_id bigint unique, member_id bigint, order_date timestamp(6), order_id bigint not null, status enum ('CANCEL','ORDER'), primary key (order_id));
2025-01-11T01:52:54.674+09:00 DEBUG 4410 --- [    Test worker] org.hibernate.SQL                        : alter table if exists category add constraint FK2y94svpmqttx80mshyny85wqr foreign key (parent_id) references category
2025-01-11T01:52:54.682+09:00  INFO 4410 --- [    Test worker] p6spy                                    : #1736527974682 | took 7ms | statement | connection 12| url jdbc:h2:mem:57666ccf-aec8-4c92-bde6-07823d93b665
alter table if exists category add constraint FK2y94svpmqttx80mshyny85wqr foreign key (parent_id) references category
alter table if exists category add constraint FK2y94svpmqttx80mshyny85wqr foreign key (parent_id) references category;
2025-01-11T01:52:54.682+09:00 DEBUG 4410 --- [    Test worker] org.hibernate.SQL                        : alter table if exists category_item add constraint FKu8b4lwqutcdq3363gf6mlujq foreign key (item_id) references item
2025-01-11T01:52:54.683+09:00  INFO 4410 --- [    Test worker] p6spy                                    : #1736527974683 | took 0ms | statement | connection 12| url jdbc:h2:mem:57666ccf-aec8-4c92-bde6-07823d93b665
alter table if exists category_item add constraint FKu8b4lwqutcdq3363gf6mlujq foreign key (item_id) references item
alter table if exists category_item add constraint FKu8b4lwqutcdq3363gf6mlujq foreign key (item_id) references item;
2025-01-11T01:52:54.684+09:00 DEBUG 4410 --- [    Test worker] org.hibernate.SQL                        : alter table if exists category_item add constraint FKcq2n0opf5shyh84ex1fhukcbh foreign key (category_id) references category
2025-01-11T01:52:54.685+09:00  INFO 4410 --- [    Test worker] p6spy                                    : #1736527974685 | took 0ms | statement | connection 12| url jdbc:h2:mem:57666ccf-aec8-4c92-bde6-07823d93b665
alter table if exists category_item add constraint FKcq2n0opf5shyh84ex1fhukcbh foreign key (category_id) references category
alter table if exists category_item add constraint FKcq2n0opf5shyh84ex1fhukcbh foreign key (category_id) references category;
2025-01-11T01:52:54.685+09:00 DEBUG 4410 --- [    Test worker] org.hibernate.SQL                        : alter table if exists order_item add constraint FKija6hjjiit8dprnmvtvgdp6ru foreign key (item_id) references item
2025-01-11T01:52:54.686+09:00  INFO 4410 --- [    Test worker] p6spy                                    : #1736527974686 | took 0ms | statement | connection 12| url jdbc:h2:mem:57666ccf-aec8-4c92-bde6-07823d93b665
alter table if exists order_item add constraint FKija6hjjiit8dprnmvtvgdp6ru foreign key (item_id) references item
alter table if exists order_item add constraint FKija6hjjiit8dprnmvtvgdp6ru foreign key (item_id) references item;
2025-01-11T01:52:54.686+09:00 DEBUG 4410 --- [    Test worker] org.hibernate.SQL                        : alter table if exists order_item add constraint FKt4dc2r9nbvbujrljv3e23iibt foreign key (order_id) references orders
2025-01-11T01:52:54.687+09:00  INFO 4410 --- [    Test worker] p6spy                                    : #1736527974687 | took 1ms | statement | connection 12| url jdbc:h2:mem:57666ccf-aec8-4c92-bde6-07823d93b665
alter table if exists order_item add constraint FKt4dc2r9nbvbujrljv3e23iibt foreign key (order_id) references orders
alter table if exists order_item add constraint FKt4dc2r9nbvbujrljv3e23iibt foreign key (order_id) references orders;
2025-01-11T01:52:54.687+09:00 DEBUG 4410 --- [    Test worker] org.hibernate.SQL                        : alter table if exists orders add constraint FKtkrur7wg4d8ax0pwgo0vmy20c foreign key (delivery_id) references delivery
2025-01-11T01:52:54.688+09:00  INFO 4410 --- [    Test worker] p6spy                                    : #1736527974688 | took 0ms | statement | connection 12| url jdbc:h2:mem:57666ccf-aec8-4c92-bde6-07823d93b665
alter table if exists orders add constraint FKtkrur7wg4d8ax0pwgo0vmy20c foreign key (delivery_id) references delivery
alter table if exists orders add constraint FKtkrur7wg4d8ax0pwgo0vmy20c foreign key (delivery_id) references delivery;
2025-01-11T01:52:54.688+09:00 DEBUG 4410 --- [    Test worker] org.hibernate.SQL                        : alter table if exists orders add constraint FKpktxwhj3x9m4gth5ff6bkqgeb foreign key (member_id) references member
2025-01-11T01:52:54.689+09:00  INFO 4410 --- [    Test worker] p6spy                                    : #1736527974689 | took 0ms | statement | connection 12| url jdbc:h2:mem:57666ccf-aec8-4c92-bde6-07823d93b665
alter table if exists orders add constraint FKpktxwhj3x9m4gth5ff6bkqgeb foreign key (member_id) references member
alter table if exists orders add constraint FKpktxwhj3x9m4gth5ff6bkqgeb foreign key (member_id) references member;
2025-01-11T01:52:54.690+09:00 TRACE 4410 --- [    Test worker] o.h.type.spi.TypeConfiguration$Scope     : Handling #sessionFactoryCreated from [org.hibernate.internal.SessionFactoryImpl@28b16193] for TypeConfiguration
2025-01-11T01:52:54.691+09:00  INFO 4410 --- [    Test worker] j.LocalContainerEntityManagerFactoryBean : Initialized JPA EntityManagerFactory for persistence unit 'default'
2025-01-11T01:52:54.814+09:00  WARN 4410 --- [    Test worker] JpaBaseConfiguration$JpaWebConfiguration : spring.jpa.open-in-view is enabled by default. Therefore, database queries may be performed during view rendering. Explicitly configure spring.jpa.open-in-view to disable this warning
2025-01-11T01:52:54.831+09:00  INFO 4410 --- [    Test worker] o.s.b.a.w.s.WelcomePageHandlerMapping    : Adding welcome page: class path resource [static/index.html]
2025-01-11T01:52:55.045+09:00  INFO 4410 --- [    Test worker] jpabook.jpashoop.MemberRepositoryTest    : Started MemberRepositoryTest in 2.235 seconds (process running for 2.86)
2025-01-11T01:52:55.607+09:00 DEBUG 4410 --- [    Test worker] org.hibernate.SQL                        : select m1_0.member_id,m1_0.city,m1_0.street,m1_0.zipcode,m1_0.name from member m1_0 where m1_0.name=?
2025-01-11T01:52:55.611+09:00 TRACE 4410 --- [    Test worker] org.hibernate.orm.jdbc.bind              : binding parameter (1:VARCHAR) <- [kim]
2025-01-11T01:52:55.616+09:00  INFO 4410 --- [    Test worker] p6spy                                    : #1736527975616 | took 4ms | statement | connection 13| url jdbc:h2:mem:57666ccf-aec8-4c92-bde6-07823d93b665
select m1_0.member_id,m1_0.city,m1_0.street,m1_0.zipcode,m1_0.name from member m1_0 where m1_0.name=?
select m1_0.member_id,m1_0.city,m1_0.street,m1_0.zipcode,m1_0.name from member m1_0 where m1_0.name='kim';
2025-01-11T01:52:55.634+09:00 DEBUG 4410 --- [    Test worker] org.hibernate.SQL                        : select next value for member_seq
2025-01-11T01:52:55.636+09:00  INFO 4410 --- [    Test worker] p6spy                                    : #1736527975636 | took 0ms | statement | connection 13| url jdbc:h2:mem:57666ccf-aec8-4c92-bde6-07823d93b665
select next value for member_seq
select next value for member_seq;
2025-01-11T01:52:55.654+09:00 DEBUG 4410 --- [    Test worker] org.hibernate.SQL                        : insert into member (city,street,zipcode,name,member_id) values (?,?,?,?,?)
2025-01-11T01:52:55.655+09:00 TRACE 4410 --- [    Test worker] org.hibernate.orm.jdbc.bind              : binding parameter (1:VARCHAR) <- [null]
2025-01-11T01:52:55.655+09:00 TRACE 4410 --- [    Test worker] org.hibernate.orm.jdbc.bind              : binding parameter (2:VARCHAR) <- [null]
2025-01-11T01:52:55.655+09:00 TRACE 4410 --- [    Test worker] org.hibernate.orm.jdbc.bind              : binding parameter (3:VARCHAR) <- [null]
2025-01-11T01:52:55.655+09:00 TRACE 4410 --- [    Test worker] org.hibernate.orm.jdbc.bind              : binding parameter (4:VARCHAR) <- [kim]
2025-01-11T01:52:55.655+09:00 TRACE 4410 --- [    Test worker] org.hibernate.orm.jdbc.bind              : binding parameter (5:BIGINT) <- [1]
2025-01-11T01:52:55.656+09:00  INFO 4410 --- [    Test worker] p6spy                                    : #1736527975656 | took 0ms | statement | connection 13| url jdbc:h2:mem:57666ccf-aec8-4c92-bde6-07823d93b665
insert into member (city,street,zipcode,name,member_id) values (?,?,?,?,?)
insert into member (city,street,zipcode,name,member_id) values (NULL,NULL,NULL,'kim',1);
2025-01-11T01:52:55.659+09:00 DEBUG 4410 --- [    Test worker] org.hibernate.SQL                        : select m1_0.member_id,m1_0.city,m1_0.street,m1_0.zipcode,m1_0.name from member m1_0 where m1_0.name=?
2025-01-11T01:52:55.660+09:00 TRACE 4410 --- [    Test worker] org.hibernate.orm.jdbc.bind              : binding parameter (1:VARCHAR) <- [kim]
2025-01-11T01:52:55.660+09:00  INFO 4410 --- [    Test worker] p6spy                                    : #1736527975660 | took 0ms | statement | connection 13| url jdbc:h2:mem:57666ccf-aec8-4c92-bde6-07823d93b665
select m1_0.member_id,m1_0.city,m1_0.street,m1_0.zipcode,m1_0.name from member m1_0 where m1_0.name=?
select m1_0.member_id,m1_0.city,m1_0.street,m1_0.zipcode,m1_0.name from member m1_0 where m1_0.name='kim';
2025-01-11T01:52:55.668+09:00  INFO 4410 --- [    Test worker] p6spy                                    : #1736527975668 | took 0ms | rollback | connection 13| url jdbc:h2:mem:57666ccf-aec8-4c92-bde6-07823d93b665

;
2025-01-11T01:52:55.677+09:00 DEBUG 4410 --- [    Test worker] org.hibernate.SQL                        : select m1_0.member_id,m1_0.city,m1_0.street,m1_0.zipcode,m1_0.name from member m1_0 where m1_0.name=?
2025-01-11T01:52:55.678+09:00 TRACE 4410 --- [    Test worker] org.hibernate.orm.jdbc.bind              : binding parameter (1:VARCHAR) <- [kim]
2025-01-11T01:52:55.678+09:00  INFO 4410 --- [    Test worker] p6spy                                    : #1736527975678 | took 0ms | statement | connection 14| url jdbc:h2:mem:57666ccf-aec8-4c92-bde6-07823d93b665
select m1_0.member_id,m1_0.city,m1_0.street,m1_0.zipcode,m1_0.name from member m1_0 where m1_0.name=?
select m1_0.member_id,m1_0.city,m1_0.street,m1_0.zipcode,m1_0.name from member m1_0 where m1_0.name='kim';
2025-01-11T01:52:55.678+09:00 DEBUG 4410 --- [    Test worker] org.hibernate.SQL                        : select next value for member_seq
2025-01-11T01:52:55.678+09:00  INFO 4410 --- [    Test worker] p6spy                                    : #1736527975678 | took 0ms | statement | connection 14| url jdbc:h2:mem:57666ccf-aec8-4c92-bde6-07823d93b665
select next value for member_seq
select next value for member_seq;
2025-01-11T01:52:55.679+09:00 DEBUG 4410 --- [    Test worker] org.hibernate.SQL                        : insert into member (city,street,zipcode,name,member_id) values (?,?,?,?,?)
2025-01-11T01:52:55.679+09:00 TRACE 4410 --- [    Test worker] org.hibernate.orm.jdbc.bind              : binding parameter (1:VARCHAR) <- [null]
2025-01-11T01:52:55.679+09:00 TRACE 4410 --- [    Test worker] org.hibernate.orm.jdbc.bind              : binding parameter (2:VARCHAR) <- [null]
2025-01-11T01:52:55.679+09:00 TRACE 4410 --- [    Test worker] org.hibernate.orm.jdbc.bind              : binding parameter (3:VARCHAR) <- [null]
2025-01-11T01:52:55.679+09:00 TRACE 4410 --- [    Test worker] org.hibernate.orm.jdbc.bind              : binding parameter (4:VARCHAR) <- [kim]
2025-01-11T01:52:55.680+09:00 TRACE 4410 --- [    Test worker] org.hibernate.orm.jdbc.bind              : binding parameter (5:BIGINT) <- [2]
2025-01-11T01:52:55.680+09:00  INFO 4410 --- [    Test worker] p6spy                                    : #1736527975680 | took 0ms | statement | connection 14| url jdbc:h2:mem:57666ccf-aec8-4c92-bde6-07823d93b665
insert into member (city,street,zipcode,name,member_id) values (?,?,?,?,?)
insert into member (city,street,zipcode,name,member_id) values (NULL,NULL,NULL,'kim',2);
2025-01-11T01:52:55.693+09:00  INFO 4410 --- [    Test worker] p6spy                                    : #1736527975693 | took 0ms | rollback | connection 14| url jdbc:h2:mem:57666ccf-aec8-4c92-bde6-07823d93b665

;
]]></system-out>
  <system-err><![CDATA[]]></system-err>
</testsuite>
