<?xml version="1.0" encoding="UTF-8"?>
<testsuite name="jpabook.jpashoop.JpashoopApplicationTests" tests="1" skipped="0" failures="0" errors="0" timestamp="2025-01-10T09:20:00" hostname="onseogtaes-MacBook-Pro.local" time="0.311">
  <properties/>
  <testcase name="contextLoads()" classname="jpabook.jpashoop.JpashoopApplicationTests" time="0.311"/>
  <system-out><![CDATA[18:19:58.834 [Test worker] INFO org.springframework.test.context.support.AnnotationConfigContextLoaderUtils -- Could not detect default configuration classes for test class [jpabook.jpashoop.JpashoopApplicationTests]: JpashoopApplicationTests does not declare any static, non-private, non-final, nested classes annotated with @Configuration.
18:19:58.894 [Test worker] INFO org.springframework.boot.test.context.SpringBootTestContextBootstrapper -- Found @SpringBootConfiguration jpabook.jpashoop.JpashoopApplication for test class jpabook.jpashoop.JpashoopApplicationTests
18:19:58.971 [Test worker] INFO org.springframework.boot.devtools.restart.RestartApplicationListener -- Restart disabled due to context in which it is running

  .   ____          _            __ _ _
 /\\ / ___'_ __ _ _(_)_ __  __ _ \ \ \ \
( ( )\___ | '_ | '_| | '_ \/ _` | \ \ \ \
 \\/  ___)| |_)| | | | | || (_| |  ) ) ) )
  '  |____| .__|_| |_|_| |_\__, | / / / /
 =========|_|==============|___/=/_/_/_/

 :: Spring Boot ::                (v3.4.1)

2025-01-10T18:19:59.130+09:00  INFO 37750 --- [    Test worker] j.jpashoop.JpashoopApplicationTests      : Starting JpashoopApplicationTests using Java 17.0.12 with PID 37750 (started by onseoktae in /Users/onseoktae/Documents/GitHub/JPA_Study)
2025-01-10T18:19:59.131+09:00  INFO 37750 --- [    Test worker] j.jpashoop.JpashoopApplicationTests      : No active profile set, falling back to 1 default profile: "default"
2025-01-10T18:19:59.446+09:00  INFO 37750 --- [    Test worker] .s.d.r.c.RepositoryConfigurationDelegate : Bootstrapping Spring Data JPA repositories in DEFAULT mode.
2025-01-10T18:19:59.458+09:00  INFO 37750 --- [    Test worker] .s.d.r.c.RepositoryConfigurationDelegate : Finished Spring Data repository scanning in 6 ms. Found 0 JPA repository interfaces.
2025-01-10T18:19:59.675+09:00  INFO 37750 --- [    Test worker] o.hibernate.jpa.internal.util.LogHelper  : HHH000204: Processing PersistenceUnitInfo [name: default]
2025-01-10T18:19:59.704+09:00  INFO 37750 --- [    Test worker] org.hibernate.Version                    : HHH000412: Hibernate ORM core version 6.6.4.Final
2025-01-10T18:19:59.720+09:00  INFO 37750 --- [    Test worker] o.h.c.internal.RegionFactoryInitiator    : HHH000026: Second-level cache disabled
2025-01-10T18:19:59.868+09:00  INFO 37750 --- [    Test worker] o.s.o.j.p.SpringPersistenceUnitInfo      : No LoadTimeWeaver setup: ignoring JPA class transformer
2025-01-10T18:19:59.883+09:00  INFO 37750 --- [    Test worker] com.zaxxer.hikari.HikariDataSource       : HikariPool-1 - Starting...
2025-01-10T18:19:59.932+09:00  INFO 37750 --- [    Test worker] com.zaxxer.hikari.pool.HikariPool        : HikariPool-1 - Added connection conn0: url=jdbc:h2:tcp://localhost/~/jpashop user=SA
2025-01-10T18:19:59.933+09:00  INFO 37750 --- [    Test worker] com.zaxxer.hikari.HikariDataSource       : HikariPool-1 - Start completed.
2025-01-10T18:19:59.973+09:00  INFO 37750 --- [    Test worker] org.hibernate.orm.connections.pooling    : HHH10001005: Database info:
	Database JDBC URL [Connecting through datasource 'HikariDataSource (HikariPool-1)']
	Database driver: undefined/unknown
	Database version: 2.3.232
	Autocommit mode: undefined/unknown
	Isolation level: undefined/unknown
	Minimum pool size: undefined/unknown
	Maximum pool size: undefined/unknown
2025-01-10T18:20:00.323+09:00 DEBUG 37750 --- [    Test worker] org.hibernate.SQL                        : 
    create global temporary table HTE_member(rn_ integer not null, id bigint, user_name varchar(255), primary key (rn_)) TRANSACTIONAL
2025-01-10T18:20:00.382+09:00  INFO 37750 --- [    Test worker] o.h.e.t.j.p.i.JtaPlatformInitiator       : HHH000489: No JTA platform available (set 'hibernate.transaction.jta.platform' to enable JTA platform integration)
2025-01-10T18:20:00.389+09:00 DEBUG 37750 --- [    Test worker] org.hibernate.SQL                        : 
    drop table if exists member cascade 
2025-01-10T18:20:00.391+09:00 DEBUG 37750 --- [    Test worker] org.hibernate.SQL                        : 
    drop sequence if exists member_seq
2025-01-10T18:20:00.395+09:00 DEBUG 37750 --- [    Test worker] org.hibernate.SQL                        : 
    create sequence member_seq start with 1 increment by 50
2025-01-10T18:20:00.398+09:00 DEBUG 37750 --- [    Test worker] org.hibernate.SQL                        : 
    create table member (
        id bigint not null,
        user_name varchar(255),
        primary key (id)
    )
2025-01-10T18:20:00.403+09:00  INFO 37750 --- [    Test worker] j.LocalContainerEntityManagerFactoryBean : Initialized JPA EntityManagerFactory for persistence unit 'default'
2025-01-10T18:20:00.514+09:00  WARN 37750 --- [    Test worker] JpaBaseConfiguration$JpaWebConfiguration : spring.jpa.open-in-view is enabled by default. Therefore, database queries may be performed during view rendering. Explicitly configure spring.jpa.open-in-view to disable this warning
2025-01-10T18:20:00.528+09:00  INFO 37750 --- [    Test worker] o.s.b.a.w.s.WelcomePageHandlerMapping    : Adding welcome page: class path resource [static/index.html]
2025-01-10T18:20:00.751+09:00  INFO 37750 --- [    Test worker] j.jpashoop.JpashoopApplicationTests      : Started JpashoopApplicationTests in 1.779 seconds (process running for 2.347)
]]></system-out>
  <system-err><![CDATA[]]></system-err>
</testsuite>
